app/build/outputs/logs/manifest-merger-debug-report.txt
-- Merging decision tree log ---
manifest
ADDED from src/main/AndroidManifest.xml:2:1-41:12
	package
		ADDED from src/main/AndroidManifest.xml:3:5-32
		INJECTED from src/main/AndroidManifest.xml
		INJECTED from src/main/AndroidManifest.xml
	android:versionName
		ADDED from src/main/AndroidManifest.xml:5:5-30
	android:versionCode
		ADDED from src/main/AndroidManifest.xml:4:5-28
		INJECTED from src/main/AndroidManifest.xml
		INJECTED from src/main/AndroidManifest.xml
	xmlns:android
		ADDED from src/main/AndroidManifest.xml:2:11-69
uses-permission#android.permission.ACCESS_COARSE_LOCATION
ADDED from src/main/AndroidManifest.xml:7:5-80
	android:name
		ADDED from src/main/AndroidManifest.xml:7:22-78
uses-permission#android.permission.ACCESS_FINE_LOCATION
ADDED from src/main/AndroidManifest.xml:8:5-78
	android:name
		ADDED from src/main/AndroidManifest.xml:8:22-76
uses-sdk
ADDED from src/main/AndroidManifest.xml:9:5-11:41
MERGED from [com.android.support:support-v4:23.1.1] AndroidManifest.xml:20:5-43
MERGED from [com.android.support:appcompat-v7:23.1.1] AndroidManifest.xml:20:5-43
MERGED from [com.android.support:support-v4:23.1.1] AndroidManifest.xml:20:5-43
	android:targetSdkVersion
		ADDED from src/main/AndroidManifest.xml:11:9-38
		INJECTED from src/main/AndroidManifest.xml
		INJECTED from src/main/AndroidManifest.xml
	android:minSdkVersion
		ADDED from src/main/AndroidManifest.xml:10:9-35
		INJECTED from src/main/AndroidManifest.xml
		INJECTED from src/main/AndroidManifest.xml
supports-screens
ADDED from src/main/AndroidManifest.xml:12:2-16:39
	android:largeScreens
		ADDED from src/main/AndroidManifest.xml:14:9-36
	android:smallScreens
		ADDED from src/main/AndroidManifest.xml:16:9-36
	android:normalScreens
		ADDED from src/main/AndroidManifest.xml:15:9-37
	android:anyDensity
		ADDED from src/main/AndroidManifest.xml:13:9-34
application
ADDED from src/main/AndroidManifest.xml:17:5-39:19
MERGED from [com.android.support:support-v4:23.1.1] AndroidManifest.xml:22:5-20
MERGED from [com.android.support:appcompat-v7:23.1.1] AndroidManifest.xml:22:5-20
MERGED from [com.android.support:support-v4:23.1.1] AndroidManifest.xml:22:5-20
	android:label
		ADDED from src/main/AndroidManifest.xml:20:9-41
	android:allowBackup
		ADDED from src/main/AndroidManifest.xml:18:9-35
	android:icon
		ADDED from src/main/AndroidManifest.xml:19:9-45
	android:theme
		ADDED from src/main/AndroidManifest.xml:21:9-40
activity#com.example.moody.MainActivity
ADDED from src/main/AndroidManifest.xml:22:9-32:20
	android:label
		ADDED from src/main/AndroidManifest.xml:24:13-45
	android:launchMode
		ADDED from src/main/AndroidManifest.xml:26:13-44
	android:theme
		ADDED from src/main/AndroidManifest.xml:25:13-44
	android:name
		ADDED from src/main/AndroidManifest.xml:23:13-41
intent-filter#android.intent.action.MAIN+android.intent.category.LAUNCHER
ADDED from src/main/AndroidManifest.xml:27:13-31:29
action#android.intent.action.MAIN
ADDED from src/main/AndroidManifest.xml:28:17-69
	android:name
		ADDED from src/main/AndroidManifest.xml:28:25-66
category#android.intent.category.LAUNCHER
ADDED from src/main/AndroidManifest.xml:30:17-77
	android:name
		ADDED from src/main/AndroidManifest.xml:30:27-74
activity#com.example.moody.Addmood_activity
ADDED from src/main/AndroidManifest.xml:33:9-38:20
	android:label
		ADDED from src/main/AndroidManifest.xml:35:13-68
	android:launchMode
		ADDED from src/main/AndroidManifest.xml:37:4-35
	android:theme
		ADDED from src/main/AndroidManifest.xml:36:13-44
	android:name
		ADDED from src/main/AndroidManifest.xml:34:13-45